<?xml version="1.0" encoding="UTF-8"?>
<!-- Generated by org.testng.reporters.JUnitXMLReporter -->
<testsuite ignored="1" hostname="DESKTOP-IUIN2QD" failures="0" tests="10" name="Test" time="129.685" errors="0" timestamp="2022-07-17T21:47:45 IST">
  <testcase classname="TestNG.D_Assertion" name="titleTest" time="93.253"/>
  <testcase classname="TestNG.B_Annotations" name="LoginTest" time="0.016"/>
  <testcase classname="TestNG.B_Annotations" name="Settings" time="0.046"/>
  <testcase classname="TestNG.E_TestGroups" name="Test3" time="0.006"/>
  <testcase classname="TestNG.E_TestGroups" name="Test4" time="0.086"/>
  <testcase classname="TestNG.E_TestGroups" name="test1" time="0.084"/>
  <testcase classname="TestNG.E_TestGroups" name="Test2" time="0.007"/>
  <testcase classname="TestNG.A_LoginTest" name="loginTest" time="0.074"/>
  <testcase classname="TestNG.A_LoginTest" name="LogoutTest" time="0.012"/>
  <testcase classname="TestNG.C_Assertions" name="titleTest" time="33.552"/>
  <testcase classname="TestNG.B_Annotations" name="Messages" time="0.0">
    <ignored/>
  </testcase> <!-- Messages -->
</testsuite> <!-- Test -->
