<?xml version="1.0" encoding="UTF-8"?>
<!-- Generated by org.testng.reporters.JUnitXMLReporter -->
<testsuite ignored="2" hostname="DESKTOP-IUIN2QD" failures="0" tests="1" name="Default test" time="1.02" errors="0" timestamp="2022-07-30T00:11:28 IST">
  <testcase classname="TestNG.B1_Annotations" name="test1" time="0.125"/>
  <testcase classname="TestNG.B1_Annotations" name="Test3" time="0.0">
    <ignored/>
  </testcase> <!-- Test3 -->
  <testcase classname="TestNG.B1_Annotations" name="Test2" time="0.0">
    <ignored/>
  </testcase> <!-- Test2 -->
</testsuite> <!-- Default test -->
