<?xml version="1.0" encoding="UTF-8"?>
<testng-results ignored="2" total="3" passed="1" failed="0" skipped="0">
  <reporter-output>
  </reporter-output>
  <suite started-at="2022-07-30T00:11:26 IST" name="Default suite" finished-at="2022-07-30T00:11:27 IST" duration-ms="1020">
    <groups>
      <group name="regression">
        <method signature="B1_Annotations.test1()[pri:1, instance:TestNG.B1_Annotations@6253c26]" name="test1" class="TestNG.B1_Annotations"/>
      </group> <!-- regression -->
    </groups>
    <test started-at="2022-07-30T00:11:26 IST" name="Default test" finished-at="2022-07-30T00:11:27 IST" duration-ms="1020">
      <class name="TestNG.B1_Annotations">
        <test-method is-config="true" signature="beforeclass()[pri:0, instance:TestNG.B1_Annotations@6253c26]" started-at="2022-07-30T00:11:27 IST" name="beforeclass" finished-at="2022-07-30T00:11:27 IST" duration-ms="79" status="PASS">
          <reporter-output>
          </reporter-output>
        </test-method> <!-- beforeclass -->
        <test-method signature="test1()[pri:1, instance:TestNG.B1_Annotations@6253c26]" started-at="2022-07-30T00:11:27 IST" name="test1" finished-at="2022-07-30T00:11:27 IST" duration-ms="125" status="PASS">
          <reporter-output>
          </reporter-output>
        </test-method> <!-- test1 -->
        <test-method is-config="true" signature="afterclass()[pri:0, instance:TestNG.B1_Annotations@6253c26]" started-at="2022-07-30T00:11:27 IST" name="afterclass" finished-at="2022-07-30T00:11:27 IST" duration-ms="11" status="PASS">
          <reporter-output>
          </reporter-output>
        </test-method> <!-- afterclass -->
      </class> <!-- TestNG.B1_Annotations -->
    </test> <!-- Default test -->
  </suite> <!-- Default suite -->
</testng-results>
