<?xml version="1.0" encoding="UTF-8"?>
<!-- Generated by org.testng.reporters.JUnitXMLReporter -->
<testsuite ignored="0" hostname="DESKTOP-IUIN2QD" failures="0" tests="4" name="GRP-user-registration" time="0.437" errors="0" timestamp="2022-07-02T00:53:40 IST">
  <testcase classname="TestNG.E_TestGroups" name="Test3" time="0.088"/>
  <testcase classname="TestNG.E_TestGroups" name="Test4" time="0.014"/>
  <testcase classname="TestNG.E_TestGroups" name="test1" time="0.011"/>
  <testcase classname="TestNG.E_TestGroups" name="Test2" time="0.009"/>
</testsuite> <!-- GRP-user-registration -->
