<?xml version="1.0" encoding="UTF-8"?>
<!-- Generated by org.testng.reporters.JUnitXMLReporter -->
<testsuite ignored="2" hostname="DESKTOP-IUIN2QD" failures="0" tests="5" name="GRP-regression" time="1.314" errors="0" timestamp="2022-07-06T14:28:35 IST">
  <testcase classname="TestNG.B1_Annotations" name="Test3" time="0.108"/>
  <testcase classname="TestNG.B1_Annotations" name="test1" time="0.06"/>
  <testcase classname="TestNG.E_TestGroups" name="Test3" time="0.033"/>
  <testcase classname="TestNG.E_TestGroups" name="test1" time="0.017"/>
  <testcase classname="TestNG.E_TestGroups" name="Test2" time="0.02"/>
  <testcase classname="TestNG.E_TestGroups" name="Test4" time="0.0">
    <ignored/>
  </testcase> <!-- Test4 -->
  <testcase classname="TestNG.B1_Annotations" name="Test2" time="0.0">
    <ignored/>
  </testcase> <!-- Test2 -->
</testsuite> <!-- GRP-regression -->
