<?xml version="1.0" encoding="UTF-8"?>
<!-- Generated by org.testng.reporters.JUnitXMLReporter -->
<testsuite ignored="2" hostname="DESKTOP-IUIN2QD" failures="0" tests="2" name="GRP-bvt" time="0.321" errors="0" timestamp="2022-07-02T00:45:45 IST">
  <testcase classname="TestNG.E_TestGroups" name="Test3" time="0.046"/>
  <testcase classname="TestNG.E_TestGroups" name="Test4" time="0.012"/>
  <testcase classname="TestNG.E_TestGroups" name="test1" time="0.0">
    <ignored/>
  </testcase> <!-- test1 -->
  <testcase classname="TestNG.E_TestGroups" name="Test2" time="0.0">
    <ignored/>
  </testcase> <!-- Test2 -->
</testsuite> <!-- GRP-bvt -->
